<?xml version="1.0" encoding="UTF-8"?>
<!-- Generated by org.testng.reporters.JUnitReportReporter -->
<testsuite hostname="DESKTOP-1KAEUVT" failures="0" tests="3" name="com.OHRM.LoginTest" time="12.953" errors="0" timestamp="2023-12-12T20:58:14 IST" skipped="0">
  <testcase classname="com.OHRM.LoginTest" name="LogInPaneltext" time="2.989"/>
  <system-out/>
  <testcase classname="com.OHRM.LoginTest" name="usernameandpassword" time="9.885"/>
  <system-out/>
  <testcase classname="com.OHRM.LoginTest" name="welComeAdmin" time="0.079"/>
  <system-out/>
</testsuite> <!-- com.OHRM.LoginTest -->
