<?xml version="1.0" encoding="UTF-8"?>
<!-- Generated by org.testng.reporters.JUnitReportReporter -->
<testsuite hostname="DESKTOP-1KAEUVT" failures="0" tests="7" name="com.OHRM.AddEmployeePage" time="18.843" errors="0" timestamp="2023-12-12T20:58:14 IST" skipped="0">
  <testcase classname="com.OHRM.AddEmployeePage" name="LogInPaneltext" time="1.763"/>
  <system-out/>
  <testcase classname="com.OHRM.AddEmployeePage" name="usernameandpassword" time="3.103"/>
  <system-out/>
  <testcase classname="com.OHRM.AddEmployeePage" name="welComeAdmin" time="0.408"/>
  <system-out/>
  <testcase classname="com.OHRM.AddEmployeePage" name="PIMMouseHover" time="0.353"/>
  <system-out/>
  <testcase classname="com.OHRM.AddEmployeePage" name="AddEmployeeTextPageTest" time="1.367"/>
  <system-out/>
  <testcase classname="com.OHRM.AddEmployeePage" name="UserData" time="1.048"/>
  <system-out/>
  <testcase classname="com.OHRM.AddEmployeePage" name="photo" time="10.801"/>
  <system-out/>
</testsuite> <!-- com.OHRM.AddEmployeePage -->
