<?xml version="1.0" encoding="UTF-8"?>
<!-- Generated by org.testng.reporters.JUnitReportReporter -->
<testsuite hostname="DESKTOP-1KAEUVT" failures="0" tests="13" name="com.OHRM.EmployeeList" time="31.880" errors="0" timestamp="2023-12-12T20:58:14 IST" skipped="0">
  <testcase classname="com.OHRM.EmployeeList" name="LogInPaneltext" time="1.423"/>
  <system-out/>
  <testcase classname="com.OHRM.EmployeeList" name="usernameandpassword" time="2.600"/>
  <system-out/>
  <testcase classname="com.OHRM.EmployeeList" name="welComeAdmin" time="0.823"/>
  <system-out/>
  <testcase classname="com.OHRM.EmployeeList" name="PIMMouseHover" time="0.596"/>
  <system-out/>
  <testcase classname="com.OHRM.EmployeeList" name="AddEmployeeTextPageTest" time="1.195"/>
  <system-out/>
  <testcase classname="com.OHRM.EmployeeList" name="UserData" time="0.940"/>
  <system-out/>
  <testcase classname="com.OHRM.EmployeeList" name="photo" time="11.795"/>
  <system-out/>
  <testcase classname="com.OHRM.EmployeeList" name="PersonalDetailsTest" time="0.080"/>
  <system-out/>
  <testcase classname="com.OHRM.EmployeeList" name="NameValidation" time="0.335"/>
  <system-out/>
  <testcase classname="com.OHRM.EmployeeList" name="ValidatingEmployeeListWebTable" time="1.063"/>
  <system-out/>
  <testcase classname="com.OHRM.EmployeeList" name="EmployeeListTable" time="7.189"/>
  <system-out/>
  <testcase classname="com.OHRM.EmployeeList" name="Logout" time="3.764"/>
  <system-out/>
  <testcase classname="com.OHRM.EmployeeList" name="LogInPage" time="0.077"/>
  <system-out/>
</testsuite> <!-- com.OHRM.EmployeeList -->
